<?xml version="1.0" encoding="UTF-8"?>
<testng-results total="1" passed="1" failed="0" skipped="0">
  <reporter-output>
  </reporter-output>
  <suite started-at="2023-11-25T13:48:32Z" name="Surefire suite" finished-at="2023-11-25T13:48:32Z" duration-ms="30">
    <groups>
    </groups>
    <test started-at="2023-11-25T13:48:32Z" name="Surefire test" finished-at="2023-11-25T13:48:32Z" duration-ms="30">
      <class name="org.test.insureme.AppTest">
        <test-method signature="shouldAnswerWithTrue()[pri:0, instance:shouldAnswerWithTrue(org.test.insureme.AppTest)]" started-at="2023-11-25T19:18:32Z" name="shouldAnswerWithTrue" finished-at="2023-11-25T19:18:32Z" duration-ms="0" status="PASS">
          <reporter-output>
          </reporter-output>
        </test-method> <!-- shouldAnswerWithTrue -->
      </class> <!-- org.test.insureme.AppTest -->
    </test> <!-- Surefire test -->
  </suite> <!-- Surefire suite -->
</testng-results>
